2022-07-28 21:42:31,382 : INFO :   [2, 3]
2022-07-28 21:42:31,383 : INFO :   9
2022-07-28 21:42:31,383 : INFO :   {   'action': None,
    'group': 'brown',
    'owner': None,
    'position': 1,
    'purchase_price': 60,
    'rent': [2, 10, 30, 90, 160, 250]}
2022-07-28 21:42:31,385 : INFO :   {   'action': None,
    'group': 'brown',
    'owner': None,
    'position': 3,
    'purchase_price': 60,
    'rent': [4, 20, 60, 180, 320, 450, 30]}
2022-07-28 21:43:02,023 : INFO :   [3, 3]
2022-07-28 21:43:02,024 : INFO :   8
2022-07-28 21:43:02,025 : INFO :   {   'action': None,
    'group': 'brown',
    'owner': None,
    'position': 1,
    'purchase_price': 60,
    'rent': [2, 10, 30, 90, 160, 250]}
2022-07-28 21:43:02,026 : INFO :   {   'action': None,
    'group': 'brown',
    'owner': None,
    'position': 3,
    'purchase_price': 60,
    'rent': [4, 20, 60, 180, 320, 450, 30]}
2022-07-28 21:56:47,137 : INFO :   [2, 3]
2022-07-28 21:56:47,138 : INFO :   3
2022-07-28 21:56:47,138 : INFO :   {   'action': None,
    'group': 'brown',
    'owner': None,
    'position': 1,
    'purchase_price': 60,
    'rent': [2, 10, 30, 90, 160, 250]}
2022-07-28 21:56:47,139 : INFO :   {   'action': None,
    'group': 'brown',
    'owner': None,
    'position': 3,
    'purchase_price': 60,
    'rent': [4, 20, 60, 180, 320, 450, 30]}
2022-07-28 21:57:13,178 : INFO :   [4, 2]
2022-07-28 21:57:13,178 : INFO :   5
2022-07-28 21:57:13,179 : INFO :   {   'action': None,
    'group': 'brown',
    'owner': None,
    'position': 1,
    'purchase_price': 60,
    'rent': [2, 10, 30, 90, 160, 250]}
2022-07-28 21:57:13,180 : INFO :   {   'action': None,
    'group': 'brown',
    'owner': None,
    'position': 3,
    'purchase_price': 60,
    'rent': [4, 20, 60, 180, 320, 450, 30]}
2022-07-28 22:03:05,178 : INFO :   [7, 'mr']
2022-07-28 22:03:05,179 : INFO :   4
2022-07-28 22:03:05,179 : INFO :   {   'action': None,
    'group': 'brown',
    'owner': None,
    'position': 1,
    'purchase_price': 60,
    'rent': [2, 10, 30, 90, 160, 250]}
2022-07-28 22:03:05,181 : INFO :   {   'action': None,
    'group': 'brown',
    'owner': None,
    'position': 3,
    'purchase_price': 60,
    'rent': [4, 20, 60, 180, 320, 450, 30]}
2022-07-29 21:48:12,650 : INFO :   [3, 3]
2022-07-29 21:48:12,651 : INFO :   11
2022-07-29 21:48:12,651 : INFO :   {   'action': None,
    'group': 'brown',
    'owner': None,
    'position': 1,
    'purchase_price': 60,
    'rent': [2, 10, 30, 90, 160, 250]}
2022-07-29 21:48:12,652 : INFO :   {   'action': None,
    'group': 'brown',
    'owner': None,
    'position': 3,
    'purchase_price': 60,
    'rent': [4, 20, 60, 180, 320, 450, 30]}
2022-07-30 21:36:01,090 : INFO :   [9, 'mr']
2022-07-30 21:36:01,091 : INFO :   7
2022-07-30 21:36:01,091 : INFO :   {   'action': None,
    'group': 'brown',
    'owner': None,
    'position': 1,
    'purchase_price': 60,
    'rent': [2, 10, 30, 90, 160, 250]}
2022-07-30 21:36:01,092 : INFO :   {   'action': {   1: 'Advance to Go, collect $200',
                  2: 'Bank error in your favor, collect $200',
                  3: 'Doctors fee. Pay $50',
                  4: 'From sale of stock you get $50',
                  5: 'Get Out of Jail Free',
                  6: 'Go to Jail. Go directly to jail, do not pass Go, do not '
                     'collect $200',
                  7: 'Holiday fund matures. Receive $100',
                  8: 'Income tax refund. Collect $20',
                  9: 'It is your birthday. Collect $10 from every player',
                  10: 'Life insurance matures. Collect $100',
                  11: 'Pay hospital fees of $100',
                  12: 'Pay school fees of $50',
                  13: 'Receive $25 consultancy fee',
                  14: 'You are assessed for street repair. $40 per house. $115 '
                      'per hotel',
                  15: 'You have won second prize in a beauty contest. Collect '
                      '$10',
                  16: 'You inherit $100'},
    'group': None,
    'owner': None,
    'position': 33,
    'purchase_price': 60,
    'rent': [5, 20, 60, 180, 320, 450]}
